------------------------------------------------------------
Server listening on TCP port 5012
------------------------------------------------------------
Client connecting to 127.0.0.1, TCP port 5012
TCP window size: 2.50 MByte (default)
------------------------------------------------------------
[  1] local 127.0.0.1 port 48674 connected with 127.0.0.1 port 5012 (full-duplex)
[ ID] Interval       Transfer     Bandwidth
[  1] 0.00-1.00 sec  3.81 GBytes  32.7 Gbits/sec
[ *1] 0.00-1.00 sec   541 MBytes  4.54 Gbits/sec
[SUM] 0.00-1.00 sec  4.34 GBytes  37.3 Gbits/sec
[  1] 1.00-2.00 sec  4.68 GBytes  40.2 Gbits/sec
[ *1] 1.00-2.00 sec  39.9 MBytes   335 Mbits/sec
[SUM] 1.00-2.00 sec  4.72 GBytes  40.5 Gbits/sec
[  1] 0.00-2.00 sec  8.48 GBytes  36.4 Gbits/sec
[ *1] 0.00-2.00 sec   592 MBytes  2.48 Gbits/sec
[SUM] 0.00-2.00 sec  9.06 GBytes  38.9 Gbits/sec
[ *1] local 127.0.0.1 port 5012 connected with 127.0.0.1 port 48674 (full-duplex)
[ ID] Interval       Transfer     Bandwidth
[ *1] 0.00-1.00 sec  3.81 GBytes  32.7 Gbits/sec
[ *1] 0.00-1.00 sec   550 MBytes  4.61 Gbits/sec
[SUM] 0.00-1.00 sec  4.34 GBytes  37.3 Gbits/sec
[ *1] 1.00-2.00 sec  4.68 GBytes  40.2 Gbits/sec
[ *1] 1.00-2.00 sec  41.5 MBytes   348 Mbits/sec
[SUM] 1.00-2.00 sec  4.72 GBytes  40.5 Gbits/sec
[ *1] 0.00-2.00 sec  8.48 GBytes  36.4 Gbits/sec
[ *1] 0.00-2.00 sec   592 MBytes  2.48 Gbits/sec
[SUM] 0.00-2.00 sec  9.06 GBytes  38.9 Gbits/sec
PASS t/t12_full_duplex.sh (exit status: 0)
